c:\users\mikael\documents\visual studio 2015\projects\dv1542\project\simon\objinput\objinput\debug\vc140.pdb
c:\users\mikael\documents\visual studio 2015\projects\dv1542\project\simon\objinput\objinput\debug\vc140.idb
c:\users\mikael\documents\visual studio 2015\projects\dv1542\project\simon\objinput\objinput\debug\camera.obj
c:\users\mikael\documents\visual studio 2015\projects\dv1542\project\simon\objinput\objinput\debug\createdirectx.obj
c:\users\mikael\documents\visual studio 2015\projects\dv1542\project\simon\objinput\objinput\debug\importobj.obj
c:\users\mikael\documents\visual studio 2015\projects\dv1542\project\simon\objinput\objinput\debug\main.obj
c:\users\mikael\documents\visual studio 2015\projects\dv1542\project\simon\objinput\objinput\debug\wictextureloader.obj
c:\users\mikael\documents\visual studio 2015\projects\dv1542\project\simon\objinput\debug\geofragment.cso
c:\users\mikael\documents\visual studio 2015\projects\dv1542\project\simon\objinput\debug\geovertex.cso
c:\users\mikael\documents\visual studio 2015\projects\dv1542\project\simon\objinput\debug\lightshadowvertex.cso
c:\users\mikael\documents\visual studio 2015\projects\dv1542\project\simon\objinput\debug\lightvertex.cso
c:\users\mikael\documents\visual studio 2015\projects\dv1542\project\simon\objinput\debug\lightfragment.cso
c:\users\mikael\documents\visual studio 2015\projects\dv1542\project\simon\objinput\debug\project.ilk
c:\users\mikael\documents\visual studio 2015\projects\dv1542\project\simon\objinput\debug\project.exe
c:\users\mikael\documents\visual studio 2015\projects\dv1542\project\simon\objinput\debug\project.pdb
c:\users\mikael\documents\visual studio 2015\projects\dv1542\project\simon\objinput\objinput\debug\project.tlog\cl.command.1.tlog
c:\users\mikael\documents\visual studio 2015\projects\dv1542\project\simon\objinput\objinput\debug\project.tlog\cl.read.1.tlog
c:\users\mikael\documents\visual studio 2015\projects\dv1542\project\simon\objinput\objinput\debug\project.tlog\cl.write.1.tlog
c:\users\mikael\documents\visual studio 2015\projects\dv1542\project\simon\objinput\objinput\debug\project.tlog\fxc.command.1.tlog
c:\users\mikael\documents\visual studio 2015\projects\dv1542\project\simon\objinput\objinput\debug\project.tlog\fxc.read.1.tlog
c:\users\mikael\documents\visual studio 2015\projects\dv1542\project\simon\objinput\objinput\debug\project.tlog\fxc.write.1.tlog
c:\users\mikael\documents\visual studio 2015\projects\dv1542\project\simon\objinput\objinput\debug\project.tlog\link.command.1.tlog
c:\users\mikael\documents\visual studio 2015\projects\dv1542\project\simon\objinput\objinput\debug\project.tlog\link.read.1.tlog
c:\users\mikael\documents\visual studio 2015\projects\dv1542\project\simon\objinput\objinput\debug\project.tlog\link.write.1.tlog
c:\users\mikael\documents\visual studio 2015\projects\dv1542\project\simon\objinput\objinput\debug\project.tlog\project.write.1u.tlog
