Build started 2016-02-13 16:49:59.
     1>Project "H:\GIthub\Githubsaves\ObjInput\ObjInput\ObjInput.vcxproj" on node 2 (Build target(s)).
     1>C:\Program Files (x86)\MSBuild\Microsoft.Cpp\v4.0\V140\Microsoft.CppBuild.targets(392,5): warning MSB8028: The intermediate directory (Debug\) contains files shared from another project (ObjInput.vcxproj).  This can lead to incorrect clean and rebuild behavior.
     1>FxCompile:
         C:\Program Files (x86)\Windows Kits\8.1\bin\x86\fxc.exe /nologo /E"PS_main" /T ps_4_0 /Fo "H:\GIthub\Githubsaves\ObjInput\Debug\GeoFragment.cso" /Od /Zi GeoFragment.hlsl 
     1>H:\GIthub\Githubsaves\ObjInput\ObjInput\GeoFragment.hlsl(42,9-51): warning X3206: implicit truncation of vector type
         
         compilation object save succeeded; see H:\GIthub\Githubsaves\ObjInput\Debug\GeoFragment.cso
         C:\Program Files (x86)\Windows Kits\8.1\bin\x86\fxc.exe /nologo /E"main" /T fx_4_0 /Fo "H:\GIthub\Githubsaves\ObjInput\Debug\LightFragment.cso" /Od /Zi LightFragment.hlsl 
     1>FXC : warning X4717: Effects deprecated for D3DCompiler_47
     1>H:\GIthub\Githubsaves\ObjInput\ObjInput\LightFragment.hlsl(57,9-36): warning X3206: implicit truncation of vector type
     1>H:\GIthub\Githubsaves\ObjInput\ObjInput\LightFragment.hlsl(58,9-58): warning X3206: implicit truncation of vector type
         
         compilation object save succeeded; see H:\GIthub\Githubsaves\ObjInput\Debug\LightFragment.cso
         C:\Program Files (x86)\Windows Kits\8.1\bin\x86\fxc.exe /nologo /E"VS_main" /T vs_4_0 /Fo "H:\GIthub\Githubsaves\ObjInput\Debug\GeoVertex.cso" /Od /Zi GeoVertex.hlsl 
     1>H:\GIthub\Githubsaves\ObjInput\ObjInput\GeoVertex.hlsl(28,16-43): warning X3206: 'mul': implicit truncation of vector type
     1>H:\GIthub\Githubsaves\ObjInput\ObjInput\GeoVertex.hlsl(28,2-43): warning X3206: implicit truncation of vector type
     1>H:\GIthub\Githubsaves\ObjInput\ObjInput\GeoVertex.hlsl(29,2-52): warning X3206: implicit truncation of vector type
         
         compilation object save succeeded; see H:\GIthub\Githubsaves\ObjInput\Debug\GeoVertex.cso
         C:\Program Files (x86)\Windows Kits\8.1\bin\x86\fxc.exe /nologo /E"main" /T fx_4_0 /Fo "H:\GIthub\Githubsaves\ObjInput\Debug\LightVertex.cso" /Od /Zi LightVertex.hlsl 
     1>FXC : warning X4717: Effects deprecated for D3DCompiler_47
         
         compilation object save succeeded; see H:\GIthub\Githubsaves\ObjInput\Debug\LightVertex.cso
       ClCompile:
         C:\Program Files (x86)\Microsoft Visual Studio 14.0\VC\bin\CL.exe /c /ZI /nologo /W3 /WX- /Od /Oy- /D WIN32 /D _DEBUG /D _CONSOLE /D _UNICODE /D UNICODE /Gm /EHsc /RTC1 /MDd /GS /fp:precise /Zc:wchar_t /Zc:forScope /Zc:inline /Fo"Debug\\" /Fd"Debug\vc140.pdb" /Gd /TP /analyze- /errorReport:prompt Camera.cpp createDirectx.cpp importObj.cpp main.cpp WICTextureLoader.cpp
         WICTextureLoader.cpp
         main.cpp
     1>h:\github\githubsaves\objinput\objinput\main.cpp(197): warning C4244: 'argument': conversion from 'int' to 'float', possible loss of data
     1>h:\github\githubsaves\objinput\objinput\main.cpp(197): warning C4305: 'argument': truncation from 'double' to 'float'
     1>h:\github\githubsaves\objinput\objinput\main.cpp(494): warning C4244: 'argument': conversion from 'float' to 'UINT8', possible loss of data
         importObj.cpp
     1>h:\github\githubsaves\objinput\objinput\importobj.cpp(134): warning C4018: '<': signed/unsigned mismatch
     1>h:\github\githubsaves\objinput\objinput\importobj.cpp(454): warning C4018: '<': signed/unsigned mismatch
         createDirectx.cpp
         Camera.cpp
     1>h:\github\githubsaves\objinput\objinput\camera.cpp(13): warning C4305: 'argument': truncation from 'double' to 'float'
     1>h:\github\githubsaves\objinput\objinput\camera.cpp(24): warning C4305: 'argument': truncation from 'double' to 'float'
     1>h:\github\githubsaves\objinput\objinput\camera.cpp(26): warning C4305: 'argument': truncation from 'double' to 'float'
     1>h:\github\githubsaves\objinput\objinput\camera.cpp(54): warning C4305: '=': truncation from 'double' to 'float'
     1>h:\github\githubsaves\objinput\objinput\camera.cpp(55): warning C4305: '=': truncation from 'double' to 'float'
     1>h:\github\githubsaves\objinput\objinput\camera.cpp(66): warning C4305: '=': truncation from 'double' to 'float'
     1>h:\github\githubsaves\objinput\objinput\camera.cpp(67): warning C4305: '=': truncation from 'double' to 'float'
         Generating Code...
       Link:
         C:\Program Files (x86)\Microsoft Visual Studio 14.0\VC\bin\link.exe /ERRORREPORT:PROMPT /OUT:"H:\GIthub\Githubsaves\ObjInput\Debug\Project.exe" /INCREMENTAL /NOLOGO kernel32.lib user32.lib gdi32.lib winspool.lib comdlg32.lib advapi32.lib shell32.lib ole32.lib oleaut32.lib uuid.lib odbc32.lib odbccp32.lib /MANIFEST /MANIFESTUAC:"level='asInvoker' uiAccess='false'" /manifest:embed /Debug /PDB:"H:\GIthub\Githubsaves\ObjInput\Debug\Project.pdb" /SUBSYSTEM:CONSOLE /TLBID:1 /DYNAMICBASE /NXCOMPAT /IMPLIB:"H:\GIthub\Githubsaves\ObjInput\Debug\Project.lib" /MACHINE:X86 Debug\Camera.obj
         Debug\createDirectx.obj
         Debug\importObj.obj
         Debug\main.obj
         Debug\WICTextureLoader.obj
         LINK : H:\GIthub\Githubsaves\ObjInput\Debug\Project.exe not found or not built by the last incremental link; performing full link
         ObjInput.vcxproj -> H:\GIthub\Githubsaves\ObjInput\Debug\Project.exe
     1>Done Building Project "H:\GIthub\Githubsaves\ObjInput\ObjInput\ObjInput.vcxproj" (Build target(s)).

Build succeeded.

Time Elapsed 00:00:05.39
